<?xml version="1.0" encoding="UTF-8"?>
<testsuite name="com.aurora.art_website.ArtWebsiteApplicationTests" tests="1" skipped="0" failures="0" errors="0" timestamp="2023-09-10T18:56:12" hostname="LAPTOP-QP91NIVT" time="0.422">
  <properties/>
  <testcase name="contextLoads()" classname="com.aurora.art_website.ArtWebsiteApplicationTests" time="0.422"/>
  <system-out><![CDATA[13:56:10.346 [Test worker] DEBUG org.springframework.test.context.BootstrapUtils - Instantiating CacheAwareContextLoaderDelegate from class [org.springframework.test.context.cache.DefaultCacheAwareContextLoaderDelegate]
13:56:10.359 [Test worker] DEBUG org.springframework.test.context.BootstrapUtils - Instantiating BootstrapContext using constructor [public org.springframework.test.context.support.DefaultBootstrapContext(java.lang.Class,org.springframework.test.context.CacheAwareContextLoaderDelegate)]
13:56:10.395 [Test worker] DEBUG org.springframework.test.context.BootstrapUtils - Instantiating TestContextBootstrapper for test class [com.aurora.art_website.ArtWebsiteApplicationTests] from class [org.springframework.boot.test.context.SpringBootTestContextBootstrapper]
13:56:10.407 [Test worker] INFO org.springframework.boot.test.context.SpringBootTestContextBootstrapper - Neither @ContextConfiguration nor @ContextHierarchy found for test class [com.aurora.art_website.ArtWebsiteApplicationTests], using SpringBootContextLoader
13:56:10.412 [Test worker] DEBUG org.springframework.test.context.support.AbstractContextLoader - Did not detect default resource location for test class [com.aurora.art_website.ArtWebsiteApplicationTests]: class path resource [com/aurora/art_website/ArtWebsiteApplicationTests-context.xml] does not exist
13:56:10.412 [Test worker] DEBUG org.springframework.test.context.support.AbstractContextLoader - Did not detect default resource location for test class [com.aurora.art_website.ArtWebsiteApplicationTests]: class path resource [com/aurora/art_website/ArtWebsiteApplicationTestsContext.groovy] does not exist
13:56:10.412 [Test worker] INFO org.springframework.test.context.support.AbstractContextLoader - Could not detect default resource locations for test class [com.aurora.art_website.ArtWebsiteApplicationTests]: no resource found for suffixes {-context.xml, Context.groovy}.
13:56:10.414 [Test worker] INFO org.springframework.test.context.support.AnnotationConfigContextLoaderUtils - Could not detect default configuration classes for test class [com.aurora.art_website.ArtWebsiteApplicationTests]: ArtWebsiteApplicationTests does not declare any static, non-private, non-final, nested classes annotated with @Configuration.
13:56:10.461 [Test worker] DEBUG org.springframework.test.context.support.ActiveProfilesUtils - Could not find an 'annotation declaring class' for annotation type [org.springframework.test.context.ActiveProfiles] and class [com.aurora.art_website.ArtWebsiteApplicationTests]
13:56:10.521 [Test worker] DEBUG org.springframework.context.annotation.ClassPathScanningCandidateComponentProvider - Identified candidate component class: file [C:\Users\Demon\Documents\Launchcode\My Personal Projects\art_website\art_website\build\classes\java\main\com\aurora\art_website\ArtWebsiteApplication.class]
13:56:10.523 [Test worker] INFO org.springframework.boot.test.context.SpringBootTestContextBootstrapper - Found @SpringBootConfiguration com.aurora.art_website.ArtWebsiteApplication for test class com.aurora.art_website.ArtWebsiteApplicationTests
13:56:10.634 [Test worker] DEBUG org.springframework.boot.test.context.SpringBootTestContextBootstrapper - @TestExecutionListeners is not present for class [com.aurora.art_website.ArtWebsiteApplicationTests]: using defaults.
13:56:10.635 [Test worker] INFO org.springframework.boot.test.context.SpringBootTestContextBootstrapper - Loaded default TestExecutionListener class names from location [META-INF/spring.factories]: [org.springframework.boot.test.autoconfigure.restdocs.RestDocsTestExecutionListener, org.springframework.boot.test.autoconfigure.web.client.MockRestServiceServerResetTestExecutionListener, org.springframework.boot.test.autoconfigure.web.servlet.MockMvcPrintOnlyOnFailureTestExecutionListener, org.springframework.boot.test.autoconfigure.web.servlet.WebDriverTestExecutionListener, org.springframework.boot.test.autoconfigure.webservices.client.MockWebServiceServerTestExecutionListener, org.springframework.boot.test.mock.mockito.MockitoTestExecutionListener, org.springframework.boot.test.mock.mockito.ResetMocksTestExecutionListener, org.springframework.test.context.web.ServletTestExecutionListener, org.springframework.test.context.support.DirtiesContextBeforeModesTestExecutionListener, org.springframework.test.context.event.ApplicationEventsTestExecutionListener, org.springframework.test.context.support.DependencyInjectionTestExecutionListener, org.springframework.test.context.support.DirtiesContextTestExecutionListener, org.springframework.test.context.transaction.TransactionalTestExecutionListener, org.springframework.test.context.jdbc.SqlScriptsTestExecutionListener, org.springframework.test.context.event.EventPublishingTestExecutionListener]
13:56:10.650 [Test worker] DEBUG org.springframework.boot.test.context.SpringBootTestContextBootstrapper - Skipping candidate TestExecutionListener [org.springframework.test.context.transaction.TransactionalTestExecutionListener] due to a missing dependency. Specify custom listener classes or make the default listener classes and their required dependencies available. Offending class: [org/springframework/transaction/interceptor/TransactionAttributeSource]
13:56:10.651 [Test worker] DEBUG org.springframework.boot.test.context.SpringBootTestContextBootstrapper - Skipping candidate TestExecutionListener [org.springframework.test.context.jdbc.SqlScriptsTestExecutionListener] due to a missing dependency. Specify custom listener classes or make the default listener classes and their required dependencies available. Offending class: [org/springframework/transaction/interceptor/TransactionAttribute]
13:56:10.651 [Test worker] INFO org.springframework.boot.test.context.SpringBootTestContextBootstrapper - Using TestExecutionListeners: [org.springframework.test.context.web.ServletTestExecutionListener@d816dde, org.springframework.test.context.support.DirtiesContextBeforeModesTestExecutionListener@6e33c391, org.springframework.test.context.event.ApplicationEventsTestExecutionListener@6c451c9c, org.springframework.boot.test.mock.mockito.MockitoTestExecutionListener@31c269fd, org.springframework.boot.test.autoconfigure.SpringBootDependencyInjectionTestExecutionListener@372b0d86, org.springframework.test.context.support.DirtiesContextTestExecutionListener@47747fb9, org.springframework.test.context.event.EventPublishingTestExecutionListener@3113a37, org.springframework.boot.test.autoconfigure.restdocs.RestDocsTestExecutionListener@213e3629, org.springframework.boot.test.autoconfigure.web.client.MockRestServiceServerResetTestExecutionListener@4e9658b5, org.springframework.boot.test.autoconfigure.web.servlet.MockMvcPrintOnlyOnFailureTestExecutionListener@2a7b6f69, org.springframework.boot.test.autoconfigure.web.servlet.WebDriverTestExecutionListener@20312893, org.springframework.boot.test.autoconfigure.webservices.client.MockWebServiceServerTestExecutionListener@70eecdc2, org.springframework.boot.test.mock.mockito.ResetMocksTestExecutionListener@c41709a]
13:56:10.671 [Test worker] DEBUG org.springframework.test.context.support.AbstractDirtiesContextTestExecutionListener - Before test class: context [DefaultTestContext@52d10fb8 testClass = ArtWebsiteApplicationTests, testInstance = [null], testMethod = [null], testException = [null], mergedContextConfiguration = [WebMergedContextConfiguration@41c07648 testClass = ArtWebsiteApplicationTests, locations = '{}', classes = '{class com.aurora.art_website.ArtWebsiteApplication}', contextInitializerClasses = '[]', activeProfiles = '{}', propertySourceLocations = '{}', propertySourceProperties = '{org.springframework.boot.test.context.SpringBootTestContextBootstrapper=true}', contextCustomizers = set[org.springframework.boot.test.autoconfigure.actuate.metrics.MetricsExportContextCustomizerFactory$DisableMetricExportContextCustomizer@68b6f0d6, org.springframework.boot.test.autoconfigure.properties.PropertyMappingContextCustomizer@0, org.springframework.boot.test.autoconfigure.web.servlet.WebDriverContextCustomizerFactory$Customizer@2bd2b28e, org.springframework.boot.test.context.filter.ExcludeFilterContextCustomizer@674658f7, org.springframework.boot.test.json.DuplicateJsonObjectContextCustomizerFactory$DuplicateJsonObjectContextCustomizer@58c34bb3, org.springframework.boot.test.mock.mockito.MockitoContextCustomizer@0, org.springframework.boot.test.web.client.TestRestTemplateContextCustomizer@75459c75, org.springframework.boot.test.context.SpringBootTestArgs@1, org.springframework.boot.test.context.SpringBootTestWebEnvironment@13d9cbf5], resourceBasePath = 'src/main/webapp', contextLoader = 'org.springframework.boot.test.context.SpringBootContextLoader', parent = [null]], attributes = map['org.springframework.test.context.web.ServletTestExecutionListener.activateListener' -> true]], class annotated with @DirtiesContext [false] with mode [null].

  .   ____          _            __ _ _
 /\\ / ___'_ __ _ _(_)_ __  __ _ \ \ \ \
( ( )\___ | '_ | '_| | '_ \/ _` | \ \ \ \
 \\/  ___)| |_)| | | | | || (_| |  ) ) ) )
  '  |____| .__|_| |_|_| |_\__, | / / / /
 =========|_|==============|___/=/_/_/_/
 :: Spring Boot ::               (v2.7.15)

2023-09-10 13:56:11.041  INFO 20212 --- [    Test worker] c.a.a.ArtWebsiteApplicationTests         : Starting ArtWebsiteApplicationTests using Java 11.0.18 on LAPTOP-QP91NIVT with PID 20212 (started by Demon in C:\Users\Demon\Documents\Launchcode\My Personal Projects\art_website\art_website)
2023-09-10 13:56:11.043  INFO 20212 --- [    Test worker] c.a.a.ArtWebsiteApplicationTests         : No active profile set, falling back to 1 default profile: "default"
2023-09-10 13:56:12.602  INFO 20212 --- [    Test worker] c.a.a.ArtWebsiteApplicationTests         : Started ArtWebsiteApplicationTests in 1.892 seconds (JVM running for 3.226)
]]></system-out>
  <system-err><![CDATA[]]></system-err>
</testsuite>
